[01m[K/home/su/neo_ws/src/RealSense/src/pose.cpp:[m[K In function â€˜[01m[Kint main(int, char**)[m[Kâ€™:
[01m[K/home/su/neo_ws/src/RealSense/src/pose.cpp:90:13:[m[K [01;31m[Kerror: [m[Kexpected â€˜[01m[K;[m[Kâ€™ before â€˜[01m[Kif[m[Kâ€™
             if(t2 > 1.0)
[01;32m[K             ^[m[K
[01m[K/home/su/neo_ws/src/RealSense/src/pose.cpp:97:13:[m[K [01;31m[Kerror: [m[Kexpected â€˜[01m[K;[m[Kâ€™ before â€˜[01m[K}[m[Kâ€™ token
             }
[01;32m[K             ^[m[K
[01m[K/home/su/neo_ws/src/RealSense/src/pose.cpp:98:33:[m[K [01;31m[Kerror: [m[Kâ€˜[01m[Kasin2[m[Kâ€™ was not declared in this scope
             yaw.data = -asin2(t2);
[01;32m[K                                 ^[m[K
make[2]: *** [CMakeFiles/realsense_pose.dir/src/pose.cpp.o] Error 1
make[1]: *** [CMakeFiles/realsense_pose.dir/all] Error 2
make: *** [all] Error 2
